<?xml version="1.0" encoding="UTF-8"?>
<!-- Generated by org.testng.reporters.JUnitXMLReporter -->
<testsuite ignored="0" hostname="DESKTOP-99UND3K" failures="1" tests="1" name="Test(failed)" time="15.595" errors="0" timestamp="2021-12-30T16:23:33 IST">
  <testcase classname="com.actitime.testscripts.AssertDemo" name="VerifyTitle" time="15.542">
    <failure type="java.lang.AssertionError" message="expected [google] but found [Google]">
      <![CDATA[java.lang.AssertionError: expected [google] but found [Google]
at com.actitime.testscripts.AssertDemo.VerifyTitle(AssertDemo.java:21)
at java.base/java.util.ArrayList.forEach(ArrayList.java:1511)
... Removed 33 stack frames]]>
    </failure>
  </testcase> <!-- VerifyTitle -->
</testsuite> <!-- Test(failed) -->
